2006.03.16 14:20 B C:\2006\migration\www\pirwww\images\temp\ipl\iProLINK.png <-- www /drive27/apache/www/pirwww/images/temp/ipl iProLINK.png
2006.03.16 14:20 B C:\2006\migration\www\pirwww\images\temp\ipl\iProLINK.pspimage <-- www /drive27/apache/www/pirwww/images/temp/ipl iProLINK.pspimage
2006.03.16 14:20 B C:\2006\migration\www\pirwww\images\temp\ipl\iProLINK1.png <-- www /drive27/apache/www/pirwww/images/temp/ipl iProLINK1.png
2006.03.16 14:20 B C:\2006\migration\www\pirwww\images\temp\ipl\iProLINK10.png <-- www /drive27/apache/www/pirwww/images/temp/ipl iProLINK10.png
2006.03.16 14:20 B C:\2006\migration\www\pirwww\images\temp\ipl\iProLINK11.png <-- www /drive27/apache/www/pirwww/images/temp/ipl iProLINK11.png
2006.03.16 14:20 B C:\2006\migration\www\pirwww\images\temp\ipl\iProLINK12.png <-- www /drive27/apache/www/pirwww/images/temp/ipl iProLINK12.png
2006.03.16 14:20 B C:\2006\migration\www\pirwww\images\temp\ipl\iProLINK13.png <-- www /drive27/apache/www/pirwww/images/temp/ipl iProLINK13.png
2006.03.16 14:20 B C:\2006\migration\www\pirwww\images\temp\ipl\iProLINK14.png <-- www /drive27/apache/www/pirwww/images/temp/ipl iProLINK14.png
2006.03.16 14:20 B C:\2006\migration\www\pirwww\images\temp\ipl\iProLINK2.png <-- www /drive27/apache/www/pirwww/images/temp/ipl iProLINK2.png
2006.03.16 14:20 B C:\2006\migration\www\pirwww\images\temp\ipl\iProLINK3.png <-- www /drive27/apache/www/pirwww/images/temp/ipl iProLINK3.png
2006.03.16 14:20 B C:\2006\migration\www\pirwww\images\temp\ipl\iProLINK4.png <-- www /drive27/apache/www/pirwww/images/temp/ipl iProLINK4.png
2006.03.16 14:20 B C:\2006\migration\www\pirwww\images\temp\ipl\iProLINK5.png <-- www /drive27/apache/www/pirwww/images/temp/ipl iProLINK5.png
2006.03.16 14:20 B C:\2006\migration\www\pirwww\images\temp\ipl\iProLINK6.png <-- www /drive27/apache/www/pirwww/images/temp/ipl iProLINK6.png
2006.03.16 14:20 B C:\2006\migration\www\pirwww\images\temp\ipl\iProLINK7.png <-- www /drive27/apache/www/pirwww/images/temp/ipl iProLINK7.png
2006.03.16 14:20 B C:\2006\migration\www\pirwww\images\temp\ipl\iProLINK8.png <-- www /drive27/apache/www/pirwww/images/temp/ipl iProLINK8.png
2006.03.16 14:20 B C:\2006\migration\www\pirwww\images\temp\ipl\iProLINK9.png <-- www /drive27/apache/www/pirwww/images/temp/ipl iProLINK9.png
2006.03.16 14:20 B C:\2006\migration\www\pirwww\images\temp\ipl\iProLinkBanner.png <-- www /drive27/apache/www/pirwww/images/temp/ipl iProLinkBanner.png
2006.03.16 14:20 B C:\2006\migration\www\pirwww\images\temp\ipl\pic070(gold).png <-- www /drive27/apache/www/pirwww/images/temp/ipl pic070(gold).png
2006.03.16 14:20 B C:\2006\migration\www\pirwww\images\temp\ipl\pic070(lightblue).png <-- www /drive27/apache/www/pirwww/images/temp/ipl pic070(lightblue).png
2006.03.17 13:35 B C:\2006\migration\www\pirwww\images\temp\ipl\iProLINK.png --> pir2.georgetown.edu /www/WWW/html/pirwww/images/temp/ipl iProLINK.png
2006.03.17 13:35 B C:\2006\migration\www\pirwww\images\temp\ipl\iProLINK.pspimage --> pir2.georgetown.edu /www/WWW/html/pirwww/images/temp/ipl iProLINK.pspimage
2006.03.17 13:35 B C:\2006\migration\www\pirwww\images\temp\ipl\iProLINK1.png --> pir2.georgetown.edu /www/WWW/html/pirwww/images/temp/ipl iProLINK1.png
2006.03.17 13:35 B C:\2006\migration\www\pirwww\images\temp\ipl\iProLINK10.png --> pir2.georgetown.edu /www/WWW/html/pirwww/images/temp/ipl iProLINK10.png
2006.03.17 13:35 B C:\2006\migration\www\pirwww\images\temp\ipl\iProLINK11.png --> pir2.georgetown.edu /www/WWW/html/pirwww/images/temp/ipl iProLINK11.png
2006.03.17 13:35 B C:\2006\migration\www\pirwww\images\temp\ipl\iProLINK12.png --> pir2.georgetown.edu /www/WWW/html/pirwww/images/temp/ipl iProLINK12.png
2006.03.17 13:35 B C:\2006\migration\www\pirwww\images\temp\ipl\iProLINK13.png --> pir2.georgetown.edu /www/WWW/html/pirwww/images/temp/ipl iProLINK13.png
2006.03.17 13:35 B C:\2006\migration\www\pirwww\images\temp\ipl\iProLINK14.png --> pir2.georgetown.edu /www/WWW/html/pirwww/images/temp/ipl iProLINK14.png
2006.03.17 13:35 B C:\2006\migration\www\pirwww\images\temp\ipl\iProLINK2.png --> pir2.georgetown.edu /www/WWW/html/pirwww/images/temp/ipl iProLINK2.png
2006.03.17 13:35 B C:\2006\migration\www\pirwww\images\temp\ipl\iProLINK3.png --> pir2.georgetown.edu /www/WWW/html/pirwww/images/temp/ipl iProLINK3.png
2006.03.17 13:35 B C:\2006\migration\www\pirwww\images\temp\ipl\iProLINK4.png --> pir2.georgetown.edu /www/WWW/html/pirwww/images/temp/ipl iProLINK4.png
2006.03.17 13:35 B C:\2006\migration\www\pirwww\images\temp\ipl\iProLINK5.png --> pir2.georgetown.edu /www/WWW/html/pirwww/images/temp/ipl iProLINK5.png
2006.03.17 13:35 B C:\2006\migration\www\pirwww\images\temp\ipl\iProLINK6.png --> pir2.georgetown.edu /www/WWW/html/pirwww/images/temp/ipl iProLINK6.png
2006.03.17 13:35 B C:\2006\migration\www\pirwww\images\temp\ipl\iProLINK7.png --> pir2.georgetown.edu /www/WWW/html/pirwww/images/temp/ipl iProLINK7.png
2006.03.17 13:35 B C:\2006\migration\www\pirwww\images\temp\ipl\iProLINK8.png --> pir2.georgetown.edu /www/WWW/html/pirwww/images/temp/ipl iProLINK8.png
2006.03.17 13:35 B C:\2006\migration\www\pirwww\images\temp\ipl\iProLINK9.png --> pir2.georgetown.edu /www/WWW/html/pirwww/images/temp/ipl iProLINK9.png
2006.03.17 13:35 B C:\2006\migration\www\pirwww\images\temp\ipl\iProLinkBanner.png --> pir2.georgetown.edu /www/WWW/html/pirwww/images/temp/ipl iProLinkBanner.png
2006.03.17 13:35 B C:\2006\migration\www\pirwww\images\temp\ipl\pic070(gold).png --> pir2.georgetown.edu /www/WWW/html/pirwww/images/temp/ipl pic070(gold).png
2006.03.17 13:35 B C:\2006\migration\www\pirwww\images\temp\ipl\pic070(lightblue).png --> pir2.georgetown.edu /www/WWW/html/pirwww/images/temp/ipl pic070(lightblue).png
