2005.11.01 13:17 B C:\2005\10_31_5\newpir\Uniprot_review_response.pdf --> pir.georgetown.edu /drive27/apache/www/pirwww/osab Uniprot_review_response.pdf
2005.11.01 13:17 B C:\2005\10_31_5\newpir\Attendees_2005.pdf --> pir.georgetown.edu /drive27/apache/www/pirwww/osab Attendees_2005.pdf
2005.11.01 13:17 B C:\2005\10_31_5\newpir\UniProt_grant_review.pdf --> pir.georgetown.edu /drive27/apache/www/pirwww/osab UniProt_grant_review.pdf
2005.11.01 13:17 B C:\2005\10_31_5\newpir\PIR_publications_04_05.doc --> pir.georgetown.edu /drive27/apache/www/pirwww/osab PIR_publications_04_05.doc
2005.11.01 13:22 B C:\2005\10_31_5\newpir\osab.html --> pir.georgetown.edu /drive27/apache/www/pirwww/osab osab.html
2005.11.01 13:25 B C:\2005\10_31_5\newpir\osab.html --> pir.georgetown.edu /drive27/apache/www/pirwww/osab osab.html
2005.11.01 13:26 B C:\2005\10_31_5\newpir\OSAB05_draft_agenda.pdf --> pir.georgetown.edu /drive27/apache/www/pirwww/osab OSAB05_draft_agenda.pdf
2005.11.01 13:27 B C:\2005\10_31_5\newpir\osab.html --> pir.georgetown.edu /drive27/apache/www/pirwww/osab osab.html
2005.11.01 13:33 B C:\2005\10_31_5\newpir\OSAB05_draft_agenda.pdf --> pir.georgetown.edu /drive3/www/pirwww/osab OSAB05_draft_agenda.pdf
2005.11.01 13:33 B C:\2005\10_31_5\newpir\WS_FTP.LOG --> pir.georgetown.edu /drive3/www/pirwww/osab WS_FTP.LOG
2005.11.01 13:33 B C:\2005\10_31_5\newpir\osab.html --> pir.georgetown.edu /drive3/www/pirwww/osab osab.html
2005.11.01 13:33 B C:\2005\10_31_5\newpir\Uniprot_review_response.pdf --> pir.georgetown.edu /drive3/www/pirwww/osab Uniprot_review_response.pdf
2005.11.01 13:33 B C:\2005\10_31_5\newpir\Attendees_2005.pdf --> pir.georgetown.edu /drive3/www/pirwww/osab Attendees_2005.pdf
2005.11.01 13:33 B C:\2005\10_31_5\newpir\UniProt_grant_review.pdf --> pir.georgetown.edu /drive3/www/pirwww/osab UniProt_grant_review.pdf
2005.11.01 13:33 B C:\2005\10_31_5\newpir\PIR_publications_04_05.doc --> pir.georgetown.edu /drive3/www/pirwww/osab PIR_publications_04_05.doc
2005.11.01 13:35 B C:\2005\10_31_5\newpir\OSAB05_draft_agenda.pdf --> pir.georgetown.edu /drive27/apache/www/pirwww/images/temp OSAB05_draft_agenda.pdf
2006.03.16 14:21 B C:\2006\migration\www\pirwww\images\temp\WS_FTP.LOG <-- www /drive27/apache/www/pirwww/images/temp WS_FTP.LOG
2006.03.17 13:35 B C:\2006\migration\www\pirwww\images\temp\bgTube.gif --> pir2.georgetown.edu /www/WWW/html/pirwww/images/temp bgTube.gif
2006.03.17 13:35 B C:\2006\migration\www\pirwww\images\temp\bgTubeBlue.png --> pir2.georgetown.edu /www/WWW/html/pirwww/images/temp bgTubeBlue.png
2006.03.17 13:35 B C:\2006\migration\www\pirwww\images\temp\emboss.png --> pir2.georgetown.edu /www/WWW/html/pirwww/images/temp emboss.png
2006.03.17 13:35 B C:\2006\migration\www\pirwww\images\temp\embossgray.png --> pir2.georgetown.edu /www/WWW/html/pirwww/images/temp embossgray.png
2006.03.17 13:35 B C:\2006\migration\www\pirwww\images\temp\footerGradient3.png --> pir2.georgetown.edu /www/WWW/html/pirwww/images/temp footerGradient3.png
2006.03.17 13:35 B C:\2006\migration\www\pirwww\images\temp\footerGradient4.png --> pir2.georgetown.edu /www/WWW/html/pirwww/images/temp footerGradient4.png
2006.03.17 13:35 B C:\2006\migration\www\pirwww\images\temp\footerGradientBlue.png --> pir2.georgetown.edu /www/WWW/html/pirwww/images/temp footerGradientBlue.png
2006.03.17 13:35 B C:\2006\migration\www\pirwww\images\temp\footerGradientGray.png --> pir2.georgetown.edu /www/WWW/html/pirwww/images/temp footerGradientGray.png
2006.03.17 13:35 B C:\2006\migration\www\pirwww\images\temp\Sav6854.tmp --> pir2.georgetown.edu /www/WWW/html/pirwww/images/temp Sav6854.tmp
