2005.11.10 14:07 B C:\2005\11_9_5\new\cc\helpfig\iproreport.gif <-- www /drive27/apache/www/pirwww/cc_test/helpfig iproreport.gif
2005.11.10 14:07 B C:\2005\11_9_5\new\cc\helpfig\iprotextsearch.gif <-- www /drive27/apache/www/pirwww/cc_test/helpfig iprotextsearch.gif
2005.11.10 14:07 B C:\2005\11_9_5\new\cc\helpfig\pirsfreport.gif <-- www /drive27/apache/www/pirwww/cc_test/helpfig pirsfreport.gif
2005.11.10 14:07 B C:\2005\11_9_5\new\cc\helpfig\pirsfsearch.gif <-- www /drive27/apache/www/pirwww/cc_test/helpfig pirsfsearch.gif
2005.11.10 14:07 B C:\2005\11_9_5\new\cc\helpfig\textsearch.gif <-- www /drive27/apache/www/pirwww/cc_test/helpfig textsearch.gif
2005.11.10 14:07 B C:\2005\11_9_5\new\cc\helpfig\uniprotreport.gif <-- www /drive27/apache/www/pirwww/cc_test/helpfig uniprotreport.gif
2005.11.10 14:07 B C:\2005\11_9_5\new\cc\helpfig\WS_FTP.LOG --> pir.georgetown.edu /drive27/apache/www/pirwww/cc_test/helpfig WS_FTP.LOG
2005.11.10 14:07 B C:\2005\11_9_5\new\cc\helpfig\iproreport.gif --> pir.georgetown.edu /drive27/apache/www/pirwww/images/helpfig iproreport.gif
2005.11.10 14:07 B C:\2005\11_9_5\new\cc\helpfig\iprotextsearch.gif --> pir.georgetown.edu /drive27/apache/www/pirwww/images/helpfig iprotextsearch.gif
2005.11.10 14:07 B C:\2005\11_9_5\new\cc\helpfig\pirsfreport.gif --> pir.georgetown.edu /drive27/apache/www/pirwww/images/helpfig pirsfreport.gif
2005.11.10 14:07 B C:\2005\11_9_5\new\cc\helpfig\pirsfsearch.gif --> pir.georgetown.edu /drive27/apache/www/pirwww/images/helpfig pirsfsearch.gif
2005.11.10 14:07 B C:\2005\11_9_5\new\cc\helpfig\textsearch.gif --> pir.georgetown.edu /drive27/apache/www/pirwww/images/helpfig textsearch.gif
2005.11.10 14:07 B C:\2005\11_9_5\new\cc\helpfig\uniprotreport.gif --> pir.georgetown.edu /drive27/apache/www/pirwww/images/helpfig uniprotreport.gif
2005.11.17 17:21 B C:\2005\pir2\pirwww\images\helpfig\WS_FTP.LOG <-- www /drive27/apache/www/pirwww/images/helpfig WS_FTP.LOG
2005.11.21 12:42 B C:\2005\pir2\pirwww_t\images\helpfig\iproreport.gif --> pir2.georgetown.edu /www/WWW/html/pirwww/images/helpfig iproreport.gif
2005.11.21 12:42 B C:\2005\pir2\pirwww_t\images\helpfig\iprotextsearch.gif --> pir2.georgetown.edu /www/WWW/html/pirwww/images/helpfig iprotextsearch.gif
2005.11.21 12:42 B C:\2005\pir2\pirwww_t\images\helpfig\pirsfreport.gif --> pir2.georgetown.edu /www/WWW/html/pirwww/images/helpfig pirsfreport.gif
2005.11.21 12:42 B C:\2005\pir2\pirwww_t\images\helpfig\pirsfsearch.gif --> pir2.georgetown.edu /www/WWW/html/pirwww/images/helpfig pirsfsearch.gif
2005.11.21 12:42 B C:\2005\pir2\pirwww_t\images\helpfig\textsearch.gif --> pir2.georgetown.edu /www/WWW/html/pirwww/images/helpfig textsearch.gif
2005.11.21 12:42 B C:\2005\pir2\pirwww_t\images\helpfig\uniprotreport.gif --> pir2.georgetown.edu /www/WWW/html/pirwww/images/helpfig uniprotreport.gif
