2005.11.17 17:23 B C:\2005\pir2\pirwww\images\tempx\a.gif <-- www /drive27/apache/www/pirwww/images/tempx a.gif
2005.11.17 17:23 B C:\2005\pir2\pirwww\images\tempx\arrow.png <-- www /drive27/apache/www/pirwww/images/tempx arrow.png
2005.11.17 17:23 B C:\2005\pir2\pirwww\images\tempx\banner.gif <-- www /drive27/apache/www/pirwww/images/tempx banner.gif
2005.11.17 17:23 B C:\2005\pir2\pirwww\images\tempx\banner2.gif <-- www /drive27/apache/www/pirwww/images/tempx banner2.gif
2005.11.17 17:23 B C:\2005\pir2\pirwww\images\tempx\banner3.gif <-- www /drive27/apache/www/pirwww/images/tempx banner3.gif
2005.11.17 17:23 B C:\2005\pir2\pirwww\images\tempx\banner4.gif <-- www /drive27/apache/www/pirwww/images/tempx banner4.gif
2005.11.17 17:23 B C:\2005\pir2\pirwww\images\tempx\banner5.gif <-- www /drive27/apache/www/pirwww/images/tempx banner5.gif
2005.11.17 17:23 B C:\2005\pir2\pirwww\images\tempx\banner6.gif <-- www /drive27/apache/www/pirwww/images/tempx banner6.gif
2005.11.17 17:23 B C:\2005\pir2\pirwww\images\tempx\banner7.gif <-- www /drive27/apache/www/pirwww/images/tempx banner7.gif
2005.11.17 17:23 B C:\2005\pir2\pirwww\images\tempx\banner8.gif <-- www /drive27/apache/www/pirwww/images/tempx banner8.gif
2005.11.17 17:23 B C:\2005\pir2\pirwww\images\tempx\banner9.jpg <-- www /drive27/apache/www/pirwww/images/tempx banner9.jpg
2005.11.21 16:11 B C:\2005\pir2\pirwww_t\images\tempx\a.gif --> pir2.georgetown.edu /www/WWW/html/pirwww/images/tempx a.gif
2005.11.21 16:11 B C:\2005\pir2\pirwww_t\images\tempx\arrow.png --> pir2.georgetown.edu /www/WWW/html/pirwww/images/tempx arrow.png
2005.11.21 16:11 B C:\2005\pir2\pirwww_t\images\tempx\banner.gif --> pir2.georgetown.edu /www/WWW/html/pirwww/images/tempx banner.gif
2005.11.21 16:11 B C:\2005\pir2\pirwww_t\images\tempx\banner2.gif --> pir2.georgetown.edu /www/WWW/html/pirwww/images/tempx banner2.gif
2005.11.21 16:11 B C:\2005\pir2\pirwww_t\images\tempx\banner3.gif --> pir2.georgetown.edu /www/WWW/html/pirwww/images/tempx banner3.gif
2005.11.21 16:11 B C:\2005\pir2\pirwww_t\images\tempx\banner4.gif --> pir2.georgetown.edu /www/WWW/html/pirwww/images/tempx banner4.gif
2005.11.21 16:11 B C:\2005\pir2\pirwww_t\images\tempx\banner5.gif --> pir2.georgetown.edu /www/WWW/html/pirwww/images/tempx banner5.gif
2005.11.21 16:11 B C:\2005\pir2\pirwww_t\images\tempx\banner6.gif --> pir2.georgetown.edu /www/WWW/html/pirwww/images/tempx banner6.gif
2005.11.21 16:11 B C:\2005\pir2\pirwww_t\images\tempx\banner7.gif --> pir2.georgetown.edu /www/WWW/html/pirwww/images/tempx banner7.gif
2005.11.21 16:11 B C:\2005\pir2\pirwww_t\images\tempx\banner8.gif --> pir2.georgetown.edu /www/WWW/html/pirwww/images/tempx banner8.gif
2005.11.21 16:11 B C:\2005\pir2\pirwww_t\images\tempx\banner9.jpg --> pir2.georgetown.edu /www/WWW/html/pirwww/images/tempx banner9.jpg
