2005.11.17 17:23 B C:\2005\pir2\pirwww\images\temp2\a.gif <-- www /drive27/apache/www/pirwww/images/temp2 a.gif
2005.11.17 17:23 B C:\2005\pir2\pirwww\images\temp2\arrow.png <-- www /drive27/apache/www/pirwww/images/temp2 arrow.png
2005.11.17 17:23 B C:\2005\pir2\pirwww\images\temp2\banner.gif <-- www /drive27/apache/www/pirwww/images/temp2 banner.gif
2005.11.17 17:23 B C:\2005\pir2\pirwww\images\temp2\banner2.gif <-- www /drive27/apache/www/pirwww/images/temp2 banner2.gif
2005.11.17 17:23 B C:\2005\pir2\pirwww\images\temp2\banner3.gif <-- www /drive27/apache/www/pirwww/images/temp2 banner3.gif
2005.11.17 17:23 B C:\2005\pir2\pirwww\images\temp2\banner4.gif <-- www /drive27/apache/www/pirwww/images/temp2 banner4.gif
2005.11.17 17:23 B C:\2005\pir2\pirwww\images\temp2\banner5.gif <-- www /drive27/apache/www/pirwww/images/temp2 banner5.gif
2005.11.17 17:23 B C:\2005\pir2\pirwww\images\temp2\banner6.gif <-- www /drive27/apache/www/pirwww/images/temp2 banner6.gif
2005.11.17 17:23 B C:\2005\pir2\pirwww\images\temp2\banner7.gif <-- www /drive27/apache/www/pirwww/images/temp2 banner7.gif
2005.11.17 17:23 B C:\2005\pir2\pirwww\images\temp2\banner8.gif <-- www /drive27/apache/www/pirwww/images/temp2 banner8.gif
2005.11.17 17:23 B C:\2005\pir2\pirwww\images\temp2\banner9.jpg <-- www /drive27/apache/www/pirwww/images/temp2 banner9.jpg
2005.11.17 17:23 B C:\2005\pir2\pirwww\images\temp2\bannerRed.png <-- www /drive27/apache/www/pirwww/images/temp2 bannerRed.png
2005.11.17 17:23 B C:\2005\pir2\pirwww\images\temp2\bg02.gif <-- www /drive27/apache/www/pirwww/images/temp2 bg02.gif
2005.11.17 17:23 B C:\2005\pir2\pirwww\images\temp2\bgcolor.gif <-- www /drive27/apache/www/pirwww/images/temp2 bgcolor.gif
2005.11.17 17:23 B C:\2005\pir2\pirwww\images\temp2\bgcolor.png <-- www /drive27/apache/www/pirwww/images/temp2 bgcolor.png
2005.11.17 17:23 B C:\2005\pir2\pirwww\images\temp2\btm01.gif <-- www /drive27/apache/www/pirwww/images/temp2 btm01.gif
2005.11.17 17:23 B C:\2005\pir2\pirwww\images\temp2\but05.png <-- www /drive27/apache/www/pirwww/images/temp2 but05.png
2005.11.17 17:23 B C:\2005\pir2\pirwww\images\temp2\but_05.gif <-- www /drive27/apache/www/pirwww/images/temp2 but_05.gif
2005.11.17 17:23 B C:\2005\pir2\pirwww\images\temp2\but_06.png <-- www /drive27/apache/www/pirwww/images/temp2 but_06.png
2005.11.17 17:23 B C:\2005\pir2\pirwww\images\temp2\but_07.png <-- www /drive27/apache/www/pirwww/images/temp2 but_07.png
2005.11.17 17:23 B C:\2005\pir2\pirwww\images\temp2\colorSpacer.psp <-- www /drive27/apache/www/pirwww/images/temp2 colorSpacer.psp
2005.11.17 17:23 B C:\2005\pir2\pirwww\images\temp2\colorTab.psp <-- www /drive27/apache/www/pirwww/images/temp2 colorTab.psp
2005.11.17 17:23 B C:\2005\pir2\pirwww\images\temp2\gradient1.png <-- www /drive27/apache/www/pirwww/images/temp2 gradient1.png
2005.11.17 17:23 B C:\2005\pir2\pirwww\images\temp2\gradient2.png <-- www /drive27/apache/www/pirwww/images/temp2 gradient2.png
2005.11.17 17:23 B C:\2005\pir2\pirwww\images\temp2\gradient3.png <-- www /drive27/apache/www/pirwww/images/temp2 gradient3.png
2005.11.17 17:23 B C:\2005\pir2\pirwww\images\temp2\gradient4.png <-- www /drive27/apache/www/pirwww/images/temp2 gradient4.png
2005.11.17 17:23 B C:\2005\pir2\pirwww\images\temp2\gradientHome.png <-- www /drive27/apache/www/pirwww/images/temp2 gradientHome.png
2005.11.17 17:23 B C:\2005\pir2\pirwww\images\temp2\gradientHome2.png <-- www /drive27/apache/www/pirwww/images/temp2 gradientHome2.png
2005.11.17 17:23 B C:\2005\pir2\pirwww\images\temp2\gradientSearch.png <-- www /drive27/apache/www/pirwww/images/temp2 gradientSearch.png
2005.11.17 17:23 B C:\2005\pir2\pirwww\images\temp2\graySpacer.png <-- www /drive27/apache/www/pirwww/images/temp2 graySpacer.png
2005.11.17 17:23 B C:\2005\pir2\pirwww\images\temp2\hdr01.gif <-- www /drive27/apache/www/pirwww/images/temp2 hdr01.gif
2005.11.17 17:23 B C:\2005\pir2\pirwww\images\temp2\hdr01.png <-- www /drive27/apache/www/pirwww/images/temp2 hdr01.png
2005.11.17 17:23 B C:\2005\pir2\pirwww\images\temp2\Image16.psp <-- www /drive27/apache/www/pirwww/images/temp2 Image16.psp
2005.11.17 17:23 B C:\2005\pir2\pirwww\images\temp2\Image35.psp <-- www /drive27/apache/www/pirwww/images/temp2 Image35.psp
2005.11.17 17:23 B C:\2005\pir2\pirwww\images\temp2\Image41.psp <-- www /drive27/apache/www/pirwww/images/temp2 Image41.psp
2005.11.17 17:23 B C:\2005\pir2\pirwww\images\temp2\Image5.psp <-- www /drive27/apache/www/pirwww/images/temp2 Image5.psp
2005.11.17 17:23 B C:\2005\pir2\pirwww\images\temp2\imidazol.gif <-- www /drive27/apache/www/pirwww/images/temp2 imidazol.gif
2005.11.17 17:23 B C:\2005\pir2\pirwww\images\temp2\iproclass.png <-- www /drive27/apache/www/pirwww/images/temp2 iproclass.png
2005.11.17 17:23 B C:\2005\pir2\pirwww\images\temp2\leftCorner.gif <-- www /drive27/apache/www/pirwww/images/temp2 leftCorner.gif
2005.11.17 17:23 B C:\2005\pir2\pirwww\images\temp2\leftCorner.png <-- www /drive27/apache/www/pirwww/images/temp2 leftCorner.png
2005.11.17 17:23 B C:\2005\pir2\pirwww\images\temp2\leftDatabase.png <-- www /drive27/apache/www/pirwww/images/temp2 leftDatabase.png
2005.11.17 17:23 B C:\2005\pir2\pirwww\images\temp2\leftDatabase2.png <-- www /drive27/apache/www/pirwww/images/temp2 leftDatabase2.png
2005.11.17 17:23 B C:\2005\pir2\pirwww\images\temp2\leftDatabase3.png <-- www /drive27/apache/www/pirwww/images/temp2 leftDatabase3.png
2005.11.17 17:23 B C:\2005\pir2\pirwww\images\temp2\leftDatabase4.png <-- www /drive27/apache/www/pirwww/images/temp2 leftDatabase4.png
2005.11.17 17:23 B C:\2005\pir2\pirwww\images\temp2\leftDatabase5.png <-- www /drive27/apache/www/pirwww/images/temp2 leftDatabase5.png
2005.11.17 17:23 B C:\2005\pir2\pirwww\images\temp2\leftDatabase6.png <-- www /drive27/apache/www/pirwww/images/temp2 leftDatabase6.png
2005.11.17 17:23 B C:\2005\pir2\pirwww\images\temp2\leftHome.png <-- www /drive27/apache/www/pirwww/images/temp2 leftHome.png
2005.11.17 17:23 B C:\2005\pir2\pirwww\images\temp2\leftSearch.png <-- www /drive27/apache/www/pirwww/images/temp2 leftSearch.png
2005.11.17 17:23 B C:\2005\pir2\pirwww\images\temp2\monoBar.psp <-- www /drive27/apache/www/pirwww/images/temp2 monoBar.psp
2005.11.17 17:23 B C:\2005\pir2\pirwww\images\temp2\monoSpacer.psp <-- www /drive27/apache/www/pirwww/images/temp2 monoSpacer.psp
2005.11.17 17:23 B C:\2005\pir2\pirwww\images\temp2\monoTab.psp <-- www /drive27/apache/www/pirwww/images/temp2 monoTab.psp
2005.11.17 17:23 B C:\2005\pir2\pirwww\images\temp2\nref.png <-- www /drive27/apache/www/pirwww/images/temp2 nref.png
2005.11.17 17:23 B C:\2005\pir2\pirwww\images\temp2\P5moststa.gif <-- www /drive27/apache/www/pirwww/images/temp2 P5moststa.gif
2005.11.17 17:23 B C:\2005\pir2\pirwww\images\temp2\pirBanner.gif <-- www /drive27/apache/www/pirwww/images/temp2 pirBanner.gif
2005.11.17 17:23 B C:\2005\pir2\pirwww\images\temp2\pirBanner2.gif <-- www /drive27/apache/www/pirwww/images/temp2 pirBanner2.gif
2005.11.17 17:23 B C:\2005\pir2\pirwww\images\temp2\pirBanner2.png <-- www /drive27/apache/www/pirwww/images/temp2 pirBanner2.png
2005.11.17 17:23 B C:\2005\pir2\pirwww\images\temp2\pirBanner3.gif <-- www /drive27/apache/www/pirwww/images/temp2 pirBanner3.gif
2005.11.17 17:23 B C:\2005\pir2\pirwww\images\temp2\pirBanner3.png <-- www /drive27/apache/www/pirwww/images/temp2 pirBanner3.png
2005.11.17 17:23 B C:\2005\pir2\pirwww\images\temp2\pirBanner4.gif <-- www /drive27/apache/www/pirwww/images/temp2 pirBanner4.gif
2005.11.17 17:23 B C:\2005\pir2\pirwww\images\temp2\pirBanner4.png <-- www /drive27/apache/www/pirwww/images/temp2 pirBanner4.png
2005.11.17 17:23 B C:\2005\pir2\pirwww\images\temp2\pirBanner5.gif <-- www /drive27/apache/www/pirwww/images/temp2 pirBanner5.gif
2005.11.17 17:23 B C:\2005\pir2\pirwww\images\temp2\pirBanner5.jpg <-- www /drive27/apache/www/pirwww/images/temp2 pirBanner5.jpg
2005.11.17 17:23 B C:\2005\pir2\pirwww\images\temp2\pirBanner5.png <-- www /drive27/apache/www/pirwww/images/temp2 pirBanner5.png
2005.11.17 17:23 B C:\2005\pir2\pirwww\images\temp2\pirBanner6.jpg <-- www /drive27/apache/www/pirwww/images/temp2 pirBanner6.jpg
2005.11.17 17:23 B C:\2005\pir2\pirwww\images\temp2\PIRBanner6.png <-- www /drive27/apache/www/pirwww/images/temp2 PIRBanner6.png
2005.11.17 17:23 B C:\2005\pir2\pirwww\images\temp2\PIRBanner7.png <-- www /drive27/apache/www/pirwww/images/temp2 PIRBanner7.png
2005.11.17 17:23 B C:\2005\pir2\pirwww\images\temp2\PIRBanner8.png <-- www /drive27/apache/www/pirwww/images/temp2 PIRBanner8.png
2005.11.17 17:23 B C:\2005\pir2\pirwww\images\temp2\pirBannerSearch.png <-- www /drive27/apache/www/pirwww/images/temp2 pirBannerSearch.png
2005.11.17 17:23 B C:\2005\pir2\pirwww\images\temp2\pirpsd.png <-- www /drive27/apache/www/pirwww/images/temp2 pirpsd.png
2005.11.17 17:23 B C:\2005\pir2\pirwww\images\temp2\tabMenu.png <-- www /drive27/apache/www/pirwww/images/temp2 tabMenu.png
2005.11.17 17:23 B C:\2005\pir2\pirwww\images\temp2\tabMenu2.png <-- www /drive27/apache/www/pirwww/images/temp2 tabMenu2.png
2005.11.17 17:23 B C:\2005\pir2\pirwww\images\temp2\tabMenu3.png <-- www /drive27/apache/www/pirwww/images/temp2 tabMenu3.png
2005.11.17 17:23 B C:\2005\pir2\pirwww\images\temp2\tabMenu4.png <-- www /drive27/apache/www/pirwww/images/temp2 tabMenu4.png
2005.11.17 17:23 B C:\2005\pir2\pirwww\images\temp2\Thumbs.db <-- www /drive27/apache/www/pirwww/images/temp2 Thumbs.db
2005.11.17 17:23 B C:\2005\pir2\pirwww\images\temp2\tileMoreGray.png <-- www /drive27/apache/www/pirwww/images/temp2 tileMoreGray.png
2005.11.17 17:23 B C:\2005\pir2\pirwww\images\temp2\top_bg.gif <-- www /drive27/apache/www/pirwww/images/temp2 top_bg.gif
2005.11.17 17:23 B C:\2005\pir2\pirwww\images\temp2\uniButton.gif <-- www /drive27/apache/www/pirwww/images/temp2 uniButton.gif
2005.11.17 17:23 B C:\2005\pir2\pirwww\images\temp2\UNIPROT.jpg <-- www /drive27/apache/www/pirwww/images/temp2 UNIPROT.jpg
2005.11.17 17:23 B C:\2005\pir2\pirwww\images\temp2\UniProtBannerAnim.gif <-- www /drive27/apache/www/pirwww/images/temp2 UniProtBannerAnim.gif
2005.11.17 17:23 B C:\2005\pir2\pirwww\images\temp2\UniProtButton.png <-- www /drive27/apache/www/pirwww/images/temp2 UniProtButton.png
2005.11.17 17:23 B C:\2005\pir2\pirwww\images\temp2\UniProtButton2.png <-- www /drive27/apache/www/pirwww/images/temp2 UniProtButton2.png
2005.11.21 16:11 B C:\2005\pir2\pirwww_t\images\temp2\a.gif --> pir2.georgetown.edu /www/WWW/html/pirwww/images/temp2 a.gif
2005.11.21 16:11 B C:\2005\pir2\pirwww_t\images\temp2\arrow.png --> pir2.georgetown.edu /www/WWW/html/pirwww/images/temp2 arrow.png
2005.11.21 16:11 B C:\2005\pir2\pirwww_t\images\temp2\banner.gif --> pir2.georgetown.edu /www/WWW/html/pirwww/images/temp2 banner.gif
2005.11.21 16:11 B C:\2005\pir2\pirwww_t\images\temp2\banner2.gif --> pir2.georgetown.edu /www/WWW/html/pirwww/images/temp2 banner2.gif
2005.11.21 16:11 B C:\2005\pir2\pirwww_t\images\temp2\banner3.gif --> pir2.georgetown.edu /www/WWW/html/pirwww/images/temp2 banner3.gif
2005.11.21 16:11 B C:\2005\pir2\pirwww_t\images\temp2\banner4.gif --> pir2.georgetown.edu /www/WWW/html/pirwww/images/temp2 banner4.gif
2005.11.21 16:11 B C:\2005\pir2\pirwww_t\images\temp2\banner5.gif --> pir2.georgetown.edu /www/WWW/html/pirwww/images/temp2 banner5.gif
2005.11.21 16:11 B C:\2005\pir2\pirwww_t\images\temp2\banner6.gif --> pir2.georgetown.edu /www/WWW/html/pirwww/images/temp2 banner6.gif
2005.11.21 16:11 B C:\2005\pir2\pirwww_t\images\temp2\banner7.gif --> pir2.georgetown.edu /www/WWW/html/pirwww/images/temp2 banner7.gif
2005.11.21 16:11 B C:\2005\pir2\pirwww_t\images\temp2\banner8.gif --> pir2.georgetown.edu /www/WWW/html/pirwww/images/temp2 banner8.gif
2005.11.21 16:11 B C:\2005\pir2\pirwww_t\images\temp2\banner9.jpg --> pir2.georgetown.edu /www/WWW/html/pirwww/images/temp2 banner9.jpg
2005.11.21 16:11 B C:\2005\pir2\pirwww_t\images\temp2\bannerRed.png --> pir2.georgetown.edu /www/WWW/html/pirwww/images/temp2 bannerRed.png
2005.11.21 16:11 B C:\2005\pir2\pirwww_t\images\temp2\bg02.gif --> pir2.georgetown.edu /www/WWW/html/pirwww/images/temp2 bg02.gif
2005.11.21 16:11 B C:\2005\pir2\pirwww_t\images\temp2\bgcolor.gif --> pir2.georgetown.edu /www/WWW/html/pirwww/images/temp2 bgcolor.gif
2005.11.21 16:11 B C:\2005\pir2\pirwww_t\images\temp2\bgcolor.png --> pir2.georgetown.edu /www/WWW/html/pirwww/images/temp2 bgcolor.png
2005.11.21 16:11 B C:\2005\pir2\pirwww_t\images\temp2\btm01.gif --> pir2.georgetown.edu /www/WWW/html/pirwww/images/temp2 btm01.gif
2005.11.21 16:11 B C:\2005\pir2\pirwww_t\images\temp2\but05.png --> pir2.georgetown.edu /www/WWW/html/pirwww/images/temp2 but05.png
2005.11.21 16:11 B C:\2005\pir2\pirwww_t\images\temp2\but_05.gif --> pir2.georgetown.edu /www/WWW/html/pirwww/images/temp2 but_05.gif
2005.11.21 16:11 B C:\2005\pir2\pirwww_t\images\temp2\but_06.png --> pir2.georgetown.edu /www/WWW/html/pirwww/images/temp2 but_06.png
2005.11.21 16:11 B C:\2005\pir2\pirwww_t\images\temp2\but_07.png --> pir2.georgetown.edu /www/WWW/html/pirwww/images/temp2 but_07.png
2005.11.21 16:11 B C:\2005\pir2\pirwww_t\images\temp2\colorSpacer.psp --> pir2.georgetown.edu /www/WWW/html/pirwww/images/temp2 colorSpacer.psp
2005.11.21 16:11 B C:\2005\pir2\pirwww_t\images\temp2\colorTab.psp --> pir2.georgetown.edu /www/WWW/html/pirwww/images/temp2 colorTab.psp
2005.11.21 16:11 B C:\2005\pir2\pirwww_t\images\temp2\gradient1.png --> pir2.georgetown.edu /www/WWW/html/pirwww/images/temp2 gradient1.png
2005.11.21 16:11 B C:\2005\pir2\pirwww_t\images\temp2\gradient2.png --> pir2.georgetown.edu /www/WWW/html/pirwww/images/temp2 gradient2.png
2005.11.21 16:11 B C:\2005\pir2\pirwww_t\images\temp2\gradient3.png --> pir2.georgetown.edu /www/WWW/html/pirwww/images/temp2 gradient3.png
2005.11.21 16:11 B C:\2005\pir2\pirwww_t\images\temp2\gradient4.png --> pir2.georgetown.edu /www/WWW/html/pirwww/images/temp2 gradient4.png
2005.11.21 16:11 B C:\2005\pir2\pirwww_t\images\temp2\gradientHome.png --> pir2.georgetown.edu /www/WWW/html/pirwww/images/temp2 gradientHome.png
2005.11.21 16:11 B C:\2005\pir2\pirwww_t\images\temp2\gradientHome2.png --> pir2.georgetown.edu /www/WWW/html/pirwww/images/temp2 gradientHome2.png
2005.11.21 16:11 B C:\2005\pir2\pirwww_t\images\temp2\gradientSearch.png --> pir2.georgetown.edu /www/WWW/html/pirwww/images/temp2 gradientSearch.png
2005.11.21 16:11 B C:\2005\pir2\pirwww_t\images\temp2\graySpacer.png --> pir2.georgetown.edu /www/WWW/html/pirwww/images/temp2 graySpacer.png
2005.11.21 16:11 B C:\2005\pir2\pirwww_t\images\temp2\hdr01.gif --> pir2.georgetown.edu /www/WWW/html/pirwww/images/temp2 hdr01.gif
2005.11.21 16:11 B C:\2005\pir2\pirwww_t\images\temp2\hdr01.png --> pir2.georgetown.edu /www/WWW/html/pirwww/images/temp2 hdr01.png
2005.11.21 16:11 B C:\2005\pir2\pirwww_t\images\temp2\Image16.psp --> pir2.georgetown.edu /www/WWW/html/pirwww/images/temp2 Image16.psp
2005.11.21 16:11 B C:\2005\pir2\pirwww_t\images\temp2\Image35.psp --> pir2.georgetown.edu /www/WWW/html/pirwww/images/temp2 Image35.psp
2005.11.21 16:11 B C:\2005\pir2\pirwww_t\images\temp2\Image41.psp --> pir2.georgetown.edu /www/WWW/html/pirwww/images/temp2 Image41.psp
2005.11.21 16:11 B C:\2005\pir2\pirwww_t\images\temp2\Image5.psp --> pir2.georgetown.edu /www/WWW/html/pirwww/images/temp2 Image5.psp
2005.11.21 16:11 B C:\2005\pir2\pirwww_t\images\temp2\imidazol.gif --> pir2.georgetown.edu /www/WWW/html/pirwww/images/temp2 imidazol.gif
2005.11.21 16:11 B C:\2005\pir2\pirwww_t\images\temp2\iproclass.png --> pir2.georgetown.edu /www/WWW/html/pirwww/images/temp2 iproclass.png
2005.11.21 16:11 B C:\2005\pir2\pirwww_t\images\temp2\leftCorner.gif --> pir2.georgetown.edu /www/WWW/html/pirwww/images/temp2 leftCorner.gif
2005.11.21 16:11 B C:\2005\pir2\pirwww_t\images\temp2\leftCorner.png --> pir2.georgetown.edu /www/WWW/html/pirwww/images/temp2 leftCorner.png
2005.11.21 16:11 B C:\2005\pir2\pirwww_t\images\temp2\leftDatabase.png --> pir2.georgetown.edu /www/WWW/html/pirwww/images/temp2 leftDatabase.png
2005.11.21 16:11 B C:\2005\pir2\pirwww_t\images\temp2\leftDatabase2.png --> pir2.georgetown.edu /www/WWW/html/pirwww/images/temp2 leftDatabase2.png
2005.11.21 16:11 B C:\2005\pir2\pirwww_t\images\temp2\leftDatabase3.png --> pir2.georgetown.edu /www/WWW/html/pirwww/images/temp2 leftDatabase3.png
2005.11.21 16:11 B C:\2005\pir2\pirwww_t\images\temp2\leftDatabase4.png --> pir2.georgetown.edu /www/WWW/html/pirwww/images/temp2 leftDatabase4.png
2005.11.21 16:11 B C:\2005\pir2\pirwww_t\images\temp2\leftDatabase5.png --> pir2.georgetown.edu /www/WWW/html/pirwww/images/temp2 leftDatabase5.png
2005.11.21 16:11 B C:\2005\pir2\pirwww_t\images\temp2\leftDatabase6.png --> pir2.georgetown.edu /www/WWW/html/pirwww/images/temp2 leftDatabase6.png
2005.11.21 16:11 B C:\2005\pir2\pirwww_t\images\temp2\leftHome.png --> pir2.georgetown.edu /www/WWW/html/pirwww/images/temp2 leftHome.png
2005.11.21 16:11 B C:\2005\pir2\pirwww_t\images\temp2\leftSearch.png --> pir2.georgetown.edu /www/WWW/html/pirwww/images/temp2 leftSearch.png
2005.11.21 16:11 B C:\2005\pir2\pirwww_t\images\temp2\monoBar.psp --> pir2.georgetown.edu /www/WWW/html/pirwww/images/temp2 monoBar.psp
2005.11.21 16:11 B C:\2005\pir2\pirwww_t\images\temp2\monoSpacer.psp --> pir2.georgetown.edu /www/WWW/html/pirwww/images/temp2 monoSpacer.psp
2005.11.21 16:11 B C:\2005\pir2\pirwww_t\images\temp2\monoTab.psp --> pir2.georgetown.edu /www/WWW/html/pirwww/images/temp2 monoTab.psp
2005.11.21 16:11 B C:\2005\pir2\pirwww_t\images\temp2\nref.png --> pir2.georgetown.edu /www/WWW/html/pirwww/images/temp2 nref.png
2005.11.21 16:11 B C:\2005\pir2\pirwww_t\images\temp2\P5moststa.gif --> pir2.georgetown.edu /www/WWW/html/pirwww/images/temp2 P5moststa.gif
2005.11.21 16:11 B C:\2005\pir2\pirwww_t\images\temp2\pirBanner.gif --> pir2.georgetown.edu /www/WWW/html/pirwww/images/temp2 pirBanner.gif
2005.11.21 16:11 B C:\2005\pir2\pirwww_t\images\temp2\pirBanner2.gif --> pir2.georgetown.edu /www/WWW/html/pirwww/images/temp2 pirBanner2.gif
2005.11.21 16:11 B C:\2005\pir2\pirwww_t\images\temp2\pirBanner2.png --> pir2.georgetown.edu /www/WWW/html/pirwww/images/temp2 pirBanner2.png
2005.11.21 16:11 B C:\2005\pir2\pirwww_t\images\temp2\pirBanner3.gif --> pir2.georgetown.edu /www/WWW/html/pirwww/images/temp2 pirBanner3.gif
2005.11.21 16:11 B C:\2005\pir2\pirwww_t\images\temp2\pirBanner3.png --> pir2.georgetown.edu /www/WWW/html/pirwww/images/temp2 pirBanner3.png
2005.11.21 16:11 B C:\2005\pir2\pirwww_t\images\temp2\pirBanner4.gif --> pir2.georgetown.edu /www/WWW/html/pirwww/images/temp2 pirBanner4.gif
2005.11.21 16:11 B C:\2005\pir2\pirwww_t\images\temp2\pirBanner4.png --> pir2.georgetown.edu /www/WWW/html/pirwww/images/temp2 pirBanner4.png
2005.11.21 16:11 B C:\2005\pir2\pirwww_t\images\temp2\pirBanner5.gif --> pir2.georgetown.edu /www/WWW/html/pirwww/images/temp2 pirBanner5.gif
2005.11.21 16:11 B C:\2005\pir2\pirwww_t\images\temp2\pirBanner5.jpg --> pir2.georgetown.edu /www/WWW/html/pirwww/images/temp2 pirBanner5.jpg
2005.11.21 16:11 B C:\2005\pir2\pirwww_t\images\temp2\pirBanner5.png --> pir2.georgetown.edu /www/WWW/html/pirwww/images/temp2 pirBanner5.png
2005.11.21 16:11 B C:\2005\pir2\pirwww_t\images\temp2\pirBanner6.jpg --> pir2.georgetown.edu /www/WWW/html/pirwww/images/temp2 pirBanner6.jpg
2005.11.21 16:11 B C:\2005\pir2\pirwww_t\images\temp2\PIRBanner6.png --> pir2.georgetown.edu /www/WWW/html/pirwww/images/temp2 PIRBanner6.png
2005.11.21 16:11 B C:\2005\pir2\pirwww_t\images\temp2\PIRBanner7.png --> pir2.georgetown.edu /www/WWW/html/pirwww/images/temp2 PIRBanner7.png
2005.11.21 16:11 B C:\2005\pir2\pirwww_t\images\temp2\PIRBanner8.png --> pir2.georgetown.edu /www/WWW/html/pirwww/images/temp2 PIRBanner8.png
2005.11.21 16:11 B C:\2005\pir2\pirwww_t\images\temp2\pirBannerSearch.png --> pir2.georgetown.edu /www/WWW/html/pirwww/images/temp2 pirBannerSearch.png
2005.11.21 16:11 B C:\2005\pir2\pirwww_t\images\temp2\pirpsd.png --> pir2.georgetown.edu /www/WWW/html/pirwww/images/temp2 pirpsd.png
2005.11.21 16:11 B C:\2005\pir2\pirwww_t\images\temp2\Sav6854.tmp --> pir2.georgetown.edu /www/WWW/html/pirwww/images/temp2 Sav6854.tmp
2005.11.21 16:11 B C:\2005\pir2\pirwww_t\images\temp2\tabMenu.png --> pir2.georgetown.edu /www/WWW/html/pirwww/images/temp2 tabMenu.png
2005.11.21 16:11 B C:\2005\pir2\pirwww_t\images\temp2\tabMenu2.png --> pir2.georgetown.edu /www/WWW/html/pirwww/images/temp2 tabMenu2.png
2005.11.21 16:11 B C:\2005\pir2\pirwww_t\images\temp2\tabMenu3.png --> pir2.georgetown.edu /www/WWW/html/pirwww/images/temp2 tabMenu3.png
2005.11.21 16:11 B C:\2005\pir2\pirwww_t\images\temp2\tabMenu4.png --> pir2.georgetown.edu /www/WWW/html/pirwww/images/temp2 tabMenu4.png
2005.11.21 16:11 B C:\2005\pir2\pirwww_t\images\temp2\Thumbs.db --> pir2.georgetown.edu /www/WWW/html/pirwww/images/temp2 Thumbs.db
2005.11.21 16:11 B C:\2005\pir2\pirwww_t\images\temp2\tileMoreGray.png --> pir2.georgetown.edu /www/WWW/html/pirwww/images/temp2 tileMoreGray.png
2005.11.21 16:11 B C:\2005\pir2\pirwww_t\images\temp2\top_bg.gif --> pir2.georgetown.edu /www/WWW/html/pirwww/images/temp2 top_bg.gif
2005.11.21 16:11 B C:\2005\pir2\pirwww_t\images\temp2\uniButton.gif --> pir2.georgetown.edu /www/WWW/html/pirwww/images/temp2 uniButton.gif
2005.11.21 16:11 B C:\2005\pir2\pirwww_t\images\temp2\UNIPROT.jpg --> pir2.georgetown.edu /www/WWW/html/pirwww/images/temp2 UNIPROT.jpg
2005.11.21 16:11 B C:\2005\pir2\pirwww_t\images\temp2\UniProtBannerAnim.gif --> pir2.georgetown.edu /www/WWW/html/pirwww/images/temp2 UniProtBannerAnim.gif
2005.11.21 16:11 B C:\2005\pir2\pirwww_t\images\temp2\UniProtButton.png --> pir2.georgetown.edu /www/WWW/html/pirwww/images/temp2 UniProtButton.png
2005.11.21 16:11 B C:\2005\pir2\pirwww_t\images\temp2\UniProtButton2.png --> pir2.georgetown.edu /www/WWW/html/pirwww/images/temp2 UniProtButton2.png
