2005.06.08 14:55 B C:\2005\6_8_5\newpir\supFamily\a1.gif <-- www /drive3/www/iproclass/supFamily a1.gif
2005.06.08 14:55 B C:\2005\6_8_5\newpir\supFamily\a10.gif <-- www /drive3/www/iproclass/supFamily a10.gif
2005.06.08 14:55 B C:\2005\6_8_5\newpir\supFamily\a11.gif <-- www /drive3/www/iproclass/supFamily a11.gif
2005.06.08 14:55 B C:\2005\6_8_5\newpir\supFamily\a12.gif <-- www /drive3/www/iproclass/supFamily a12.gif
2005.06.08 14:55 B C:\2005\6_8_5\newpir\supFamily\a13.gif <-- www /drive3/www/iproclass/supFamily a13.gif
2005.06.08 14:55 B C:\2005\6_8_5\newpir\supFamily\a14.gif <-- www /drive3/www/iproclass/supFamily a14.gif
2005.06.08 14:55 B C:\2005\6_8_5\newpir\supFamily\a15.gif <-- www /drive3/www/iproclass/supFamily a15.gif
2005.06.08 14:55 B C:\2005\6_8_5\newpir\supFamily\a16.gif <-- www /drive3/www/iproclass/supFamily a16.gif
2005.06.08 14:55 B C:\2005\6_8_5\newpir\supFamily\a17.gif <-- www /drive3/www/iproclass/supFamily a17.gif
2005.06.08 14:55 B C:\2005\6_8_5\newpir\supFamily\a18.gif <-- www /drive3/www/iproclass/supFamily a18.gif
2005.06.08 14:55 B C:\2005\6_8_5\newpir\supFamily\a19.gif <-- www /drive3/www/iproclass/supFamily a19.gif
2005.06.08 14:55 B C:\2005\6_8_5\newpir\supFamily\a2.gif <-- www /drive3/www/iproclass/supFamily a2.gif
2005.06.08 14:55 B C:\2005\6_8_5\newpir\supFamily\a20.gif <-- www /drive3/www/iproclass/supFamily a20.gif
2005.06.08 14:55 B C:\2005\6_8_5\newpir\supFamily\a21.gif <-- www /drive3/www/iproclass/supFamily a21.gif
2005.06.08 14:55 B C:\2005\6_8_5\newpir\supFamily\a22.gif <-- www /drive3/www/iproclass/supFamily a22.gif
2005.06.08 14:55 B C:\2005\6_8_5\newpir\supFamily\a2222.gif <-- www /drive3/www/iproclass/supFamily a2222.gif
2005.06.08 14:55 B C:\2005\6_8_5\newpir\supFamily\a23.gif <-- www /drive3/www/iproclass/supFamily a23.gif
2005.06.08 14:55 B C:\2005\6_8_5\newpir\supFamily\a24.gif <-- www /drive3/www/iproclass/supFamily a24.gif
2005.06.08 14:55 B C:\2005\6_8_5\newpir\supFamily\a25.gif <-- www /drive3/www/iproclass/supFamily a25.gif
2005.06.08 14:55 B C:\2005\6_8_5\newpir\supFamily\a26.gif <-- www /drive3/www/iproclass/supFamily a26.gif
2005.06.08 14:55 B C:\2005\6_8_5\newpir\supFamily\a27.gif <-- www /drive3/www/iproclass/supFamily a27.gif
2005.06.08 14:55 B C:\2005\6_8_5\newpir\supFamily\a28.gif <-- www /drive3/www/iproclass/supFamily a28.gif
2005.06.08 14:55 B C:\2005\6_8_5\newpir\supFamily\a29.gif <-- www /drive3/www/iproclass/supFamily a29.gif
2005.06.08 14:55 B C:\2005\6_8_5\newpir\supFamily\a3.gif <-- www /drive3/www/iproclass/supFamily a3.gif
2005.06.08 14:55 B C:\2005\6_8_5\newpir\supFamily\a30.gif <-- www /drive3/www/iproclass/supFamily a30.gif
2005.06.08 14:55 B C:\2005\6_8_5\newpir\supFamily\a31.gif <-- www /drive3/www/iproclass/supFamily a31.gif
2005.06.08 14:55 B C:\2005\6_8_5\newpir\supFamily\a32.gif <-- www /drive3/www/iproclass/supFamily a32.gif
2005.06.08 14:55 B C:\2005\6_8_5\newpir\supFamily\a33.gif <-- www /drive3/www/iproclass/supFamily a33.gif
2005.06.08 14:55 B C:\2005\6_8_5\newpir\supFamily\a34.gif <-- www /drive3/www/iproclass/supFamily a34.gif
2005.06.08 14:55 B C:\2005\6_8_5\newpir\supFamily\a35.gif <-- www /drive3/www/iproclass/supFamily a35.gif
2005.06.08 14:55 B C:\2005\6_8_5\newpir\supFamily\a36.gif <-- www /drive3/www/iproclass/supFamily a36.gif
2005.06.08 14:55 B C:\2005\6_8_5\newpir\supFamily\a37.gif <-- www /drive3/www/iproclass/supFamily a37.gif
2005.06.08 14:55 B C:\2005\6_8_5\newpir\supFamily\a38.gif <-- www /drive3/www/iproclass/supFamily a38.gif
2005.06.08 14:55 B C:\2005\6_8_5\newpir\supFamily\a39.gif <-- www /drive3/www/iproclass/supFamily a39.gif
2005.06.08 14:55 B C:\2005\6_8_5\newpir\supFamily\a4.gif <-- www /drive3/www/iproclass/supFamily a4.gif
2005.06.08 14:55 B C:\2005\6_8_5\newpir\supFamily\a40.gif <-- www /drive3/www/iproclass/supFamily a40.gif
2005.06.08 14:55 B C:\2005\6_8_5\newpir\supFamily\a41.gif <-- www /drive3/www/iproclass/supFamily a41.gif
2005.06.08 14:55 B C:\2005\6_8_5\newpir\supFamily\a42.gif <-- www /drive3/www/iproclass/supFamily a42.gif
2005.06.08 14:55 B C:\2005\6_8_5\newpir\supFamily\a43.gif <-- www /drive3/www/iproclass/supFamily a43.gif
2005.06.08 14:55 B C:\2005\6_8_5\newpir\supFamily\a44.gif <-- www /drive3/www/iproclass/supFamily a44.gif
2005.06.08 14:55 B C:\2005\6_8_5\newpir\supFamily\a45.gif <-- www /drive3/www/iproclass/supFamily a45.gif
2005.06.08 14:55 B C:\2005\6_8_5\newpir\supFamily\a46.gif <-- www /drive3/www/iproclass/supFamily a46.gif
2005.06.08 14:55 B C:\2005\6_8_5\newpir\supFamily\a47.gif <-- www /drive3/www/iproclass/supFamily a47.gif
2005.06.08 14:55 B C:\2005\6_8_5\newpir\supFamily\a48.gif <-- www /drive3/www/iproclass/supFamily a48.gif
2005.06.08 14:55 B C:\2005\6_8_5\newpir\supFamily\a49.gif <-- www /drive3/www/iproclass/supFamily a49.gif
2005.06.08 14:55 B C:\2005\6_8_5\newpir\supFamily\a5.gif <-- www /drive3/www/iproclass/supFamily a5.gif
2005.06.08 14:55 B C:\2005\6_8_5\newpir\supFamily\a50.gif <-- www /drive3/www/iproclass/supFamily a50.gif
2005.06.08 14:55 B C:\2005\6_8_5\newpir\supFamily\a51.gif <-- www /drive3/www/iproclass/supFamily a51.gif
2005.06.08 14:55 B C:\2005\6_8_5\newpir\supFamily\a52.gif <-- www /drive3/www/iproclass/supFamily a52.gif
2005.06.08 14:55 B C:\2005\6_8_5\newpir\supFamily\a53.gif <-- www /drive3/www/iproclass/supFamily a53.gif
2005.06.08 14:55 B C:\2005\6_8_5\newpir\supFamily\a54.gif <-- www /drive3/www/iproclass/supFamily a54.gif
2005.06.08 14:55 B C:\2005\6_8_5\newpir\supFamily\a55.gif <-- www /drive3/www/iproclass/supFamily a55.gif
2005.06.08 14:55 B C:\2005\6_8_5\newpir\supFamily\a56.gif <-- www /drive3/www/iproclass/supFamily a56.gif
2005.06.08 14:55 B C:\2005\6_8_5\newpir\supFamily\a57.gif <-- www /drive3/www/iproclass/supFamily a57.gif
2005.06.08 14:55 B C:\2005\6_8_5\newpir\supFamily\a58.gif <-- www /drive3/www/iproclass/supFamily a58.gif
2005.06.08 14:55 B C:\2005\6_8_5\newpir\supFamily\a59.gif <-- www /drive3/www/iproclass/supFamily a59.gif
2005.06.08 14:55 B C:\2005\6_8_5\newpir\supFamily\a6.gif <-- www /drive3/www/iproclass/supFamily a6.gif
2005.06.08 14:55 B C:\2005\6_8_5\newpir\supFamily\a60.gif <-- www /drive3/www/iproclass/supFamily a60.gif
2005.06.08 14:55 B C:\2005\6_8_5\newpir\supFamily\a7.gif <-- www /drive3/www/iproclass/supFamily a7.gif
2005.06.08 14:55 B C:\2005\6_8_5\newpir\supFamily\a8.gif <-- www /drive3/www/iproclass/supFamily a8.gif
2005.06.08 14:55 B C:\2005\6_8_5\newpir\supFamily\a9.gif <-- www /drive3/www/iproclass/supFamily a9.gif
2005.06.08 14:55 B C:\2005\6_8_5\newpir\supFamily\a99999.gif <-- www /drive3/www/iproclass/supFamily a99999.gif
2005.06.08 14:55 B C:\2005\6_8_5\newpir\supFamily\barsOrder.html <-- www /drive3/www/iproclass/supFamily barsOrder.html
2005.06.08 14:55 B C:\2005\6_8_5\newpir\supFamily\bb.gif <-- www /drive3/www/iproclass/supFamily bb.gif
2005.06.08 14:55 B C:\2005\6_8_5\newpir\supFamily\bb2.gif <-- www /drive3/www/iproclass/supFamily bb2.gif
2005.06.08 14:55 B C:\2005\6_8_5\newpir\supFamily\bb3.gif <-- www /drive3/www/iproclass/supFamily bb3.gif
2005.06.08 14:55 B C:\2005\6_8_5\newpir\supFamily\Canvas0.class <-- www /drive3/www/iproclass/supFamily Canvas0.class
2005.06.08 14:55 B C:\2005\6_8_5\newpir\supFamily\Canvas1.class <-- www /drive3/www/iproclass/supFamily Canvas1.class
2005.06.08 14:55 B C:\2005\6_8_5\newpir\supFamily\Canvas2.class <-- www /drive3/www/iproclass/supFamily Canvas2.class
2005.06.08 14:55 B C:\2005\6_8_5\newpir\supFamily\Canvas3.class <-- www /drive3/www/iproclass/supFamily Canvas3.class
2005.06.08 14:55 B C:\2005\6_8_5\newpir\supFamily\downArrow.gif <-- www /drive3/www/iproclass/supFamily downArrow.gif
2005.06.08 14:55 B C:\2005\6_8_5\newpir\supFamily\fingerDown.gif <-- www /drive3/www/iproclass/supFamily fingerDown.gif
2005.06.08 14:55 B C:\2005\6_8_5\newpir\supFamily\fingerUp.gif <-- www /drive3/www/iproclass/supFamily fingerUp.gif
2005.06.08 14:55 B C:\2005\6_8_5\newpir\supFamily\leftArr.gif <-- www /drive3/www/iproclass/supFamily leftArr.gif
2005.06.08 14:55 B C:\2005\6_8_5\newpir\supFamily\leftArrow.gif <-- www /drive3/www/iproclass/supFamily leftArrow.gif
2005.06.08 14:55 B C:\2005\6_8_5\newpir\supFamily\magnify.gif <-- www /drive3/www/iproclass/supFamily magnify.gif
2005.06.08 14:55 B C:\2005\6_8_5\newpir\supFamily\qMark.gif <-- www /drive3/www/iproclass/supFamily qMark.gif
2005.06.08 14:55 B C:\2005\6_8_5\newpir\supFamily\refresh.gif <-- www /drive3/www/iproclass/supFamily refresh.gif
2005.06.08 14:55 B C:\2005\6_8_5\newpir\supFamily\reload.gif <-- www /drive3/www/iproclass/supFamily reload.gif
2005.06.08 14:55 B C:\2005\6_8_5\newpir\supFamily\rightArrow.gif <-- www /drive3/www/iproclass/supFamily rightArrow.gif
2005.06.08 14:55 B C:\2005\6_8_5\newpir\supFamily\sfListPick.class <-- www /drive3/www/iproclass/supFamily sfListPick.class
2005.06.08 14:55 B C:\2005\6_8_5\newpir\supFamily\sfListPick.class082602 <-- www /drive3/www/iproclass/supFamily sfListPick.class082602
2005.06.08 14:55 B C:\2005\6_8_5\newpir\supFamily\sfListPick.java <-- www /drive3/www/iproclass/supFamily sfListPick.java
2005.06.08 14:55 B C:\2005\6_8_5\newpir\supFamily\showMe.gif <-- www /drive3/www/iproclass/supFamily showMe.gif
2005.06.08 14:55 B C:\2005\6_8_5\newpir\supFamily\trans.gif <-- www /drive3/www/iproclass/supFamily trans.gif
2005.06.08 14:55 B C:\2005\6_8_5\newpir\supFamily\ttt.gif <-- www /drive3/www/iproclass/supFamily ttt.gif
2005.06.08 14:55 B C:\2005\6_8_5\newpir\supFamily\untitled.gif <-- www /drive3/www/iproclass/supFamily untitled.gif
2005.06.08 14:55 B C:\2005\6_8_5\newpir\supFamily\upArrow.gif <-- www /drive3/www/iproclass/supFamily upArrow.gif
2005.06.08 14:55 B C:\2005\6_8_5\newpir\supFamily\zoomin.gif <-- www /drive3/www/iproclass/supFamily zoomin.gif
2005.06.08 14:55 B C:\2005\6_8_5\newpir\supFamily\zoomout.gif <-- www /drive3/www/iproclass/supFamily zoomout.gif
2005.06.08 14:56 B C:\2005\6_8_5\newpir\pirsf\a1.gif --> pir.georgetown.edu /drive27/apache/www/pirwww/images/pirsf a1.gif
2005.06.08 14:56 B C:\2005\6_8_5\newpir\pirsf\a10.gif --> pir.georgetown.edu /drive27/apache/www/pirwww/images/pirsf a10.gif
2005.06.08 14:56 B C:\2005\6_8_5\newpir\pirsf\a11.gif --> pir.georgetown.edu /drive27/apache/www/pirwww/images/pirsf a11.gif
2005.06.08 14:56 B C:\2005\6_8_5\newpir\pirsf\a12.gif --> pir.georgetown.edu /drive27/apache/www/pirwww/images/pirsf a12.gif
2005.06.08 14:56 B C:\2005\6_8_5\newpir\pirsf\a13.gif --> pir.georgetown.edu /drive27/apache/www/pirwww/images/pirsf a13.gif
2005.06.08 14:56 B C:\2005\6_8_5\newpir\pirsf\a14.gif --> pir.georgetown.edu /drive27/apache/www/pirwww/images/pirsf a14.gif
2005.06.08 14:56 B C:\2005\6_8_5\newpir\pirsf\a15.gif --> pir.georgetown.edu /drive27/apache/www/pirwww/images/pirsf a15.gif
2005.06.08 14:56 B C:\2005\6_8_5\newpir\pirsf\a16.gif --> pir.georgetown.edu /drive27/apache/www/pirwww/images/pirsf a16.gif
2005.06.08 14:57 B C:\2005\6_8_5\newpir\pirsf\a17.gif --> pir.georgetown.edu /drive27/apache/www/pirwww/images/pirsf a17.gif
2005.06.08 14:57 B C:\2005\6_8_5\newpir\pirsf\a18.gif --> pir.georgetown.edu /drive27/apache/www/pirwww/images/pirsf a18.gif
2005.06.08 14:57 B C:\2005\6_8_5\newpir\pirsf\a19.gif --> pir.georgetown.edu /drive27/apache/www/pirwww/images/pirsf a19.gif
2005.06.08 14:57 B C:\2005\6_8_5\newpir\pirsf\a2.gif --> pir.georgetown.edu /drive27/apache/www/pirwww/images/pirsf a2.gif
2005.06.08 14:57 B C:\2005\6_8_5\newpir\pirsf\a20.gif --> pir.georgetown.edu /drive27/apache/www/pirwww/images/pirsf a20.gif
2005.06.08 14:57 B C:\2005\6_8_5\newpir\pirsf\a21.gif --> pir.georgetown.edu /drive27/apache/www/pirwww/images/pirsf a21.gif
2005.06.08 14:57 B C:\2005\6_8_5\newpir\pirsf\a22.gif --> pir.georgetown.edu /drive27/apache/www/pirwww/images/pirsf a22.gif
2005.06.08 14:57 B C:\2005\6_8_5\newpir\pirsf\a2222.gif --> pir.georgetown.edu /drive27/apache/www/pirwww/images/pirsf a2222.gif
2005.06.08 14:57 B C:\2005\6_8_5\newpir\pirsf\a23.gif --> pir.georgetown.edu /drive27/apache/www/pirwww/images/pirsf a23.gif
2005.06.08 14:57 B C:\2005\6_8_5\newpir\pirsf\a24.gif --> pir.georgetown.edu /drive27/apache/www/pirwww/images/pirsf a24.gif
2005.06.08 14:57 B C:\2005\6_8_5\newpir\pirsf\a25.gif --> pir.georgetown.edu /drive27/apache/www/pirwww/images/pirsf a25.gif
2005.06.08 14:57 B C:\2005\6_8_5\newpir\pirsf\a26.gif --> pir.georgetown.edu /drive27/apache/www/pirwww/images/pirsf a26.gif
2005.06.08 14:57 B C:\2005\6_8_5\newpir\pirsf\a27.gif --> pir.georgetown.edu /drive27/apache/www/pirwww/images/pirsf a27.gif
2005.06.08 14:57 B C:\2005\6_8_5\newpir\pirsf\a28.gif --> pir.georgetown.edu /drive27/apache/www/pirwww/images/pirsf a28.gif
2005.06.08 14:57 B C:\2005\6_8_5\newpir\pirsf\a29.gif --> pir.georgetown.edu /drive27/apache/www/pirwww/images/pirsf a29.gif
2005.06.08 14:57 B C:\2005\6_8_5\newpir\pirsf\a3.gif --> pir.georgetown.edu /drive27/apache/www/pirwww/images/pirsf a3.gif
2005.06.08 14:57 B C:\2005\6_8_5\newpir\pirsf\a30.gif --> pir.georgetown.edu /drive27/apache/www/pirwww/images/pirsf a30.gif
2005.06.08 14:57 B C:\2005\6_8_5\newpir\pirsf\a31.gif --> pir.georgetown.edu /drive27/apache/www/pirwww/images/pirsf a31.gif
2005.06.08 14:57 B C:\2005\6_8_5\newpir\pirsf\a32.gif --> pir.georgetown.edu /drive27/apache/www/pirwww/images/pirsf a32.gif
2005.06.08 14:57 B C:\2005\6_8_5\newpir\pirsf\a33.gif --> pir.georgetown.edu /drive27/apache/www/pirwww/images/pirsf a33.gif
2005.06.08 14:57 B C:\2005\6_8_5\newpir\pirsf\a34.gif --> pir.georgetown.edu /drive27/apache/www/pirwww/images/pirsf a34.gif
2005.06.08 14:57 B C:\2005\6_8_5\newpir\pirsf\a35.gif --> pir.georgetown.edu /drive27/apache/www/pirwww/images/pirsf a35.gif
2005.06.08 14:57 B C:\2005\6_8_5\newpir\pirsf\a36.gif --> pir.georgetown.edu /drive27/apache/www/pirwww/images/pirsf a36.gif
2005.06.08 14:57 B C:\2005\6_8_5\newpir\pirsf\a37.gif --> pir.georgetown.edu /drive27/apache/www/pirwww/images/pirsf a37.gif
2005.06.08 14:57 B C:\2005\6_8_5\newpir\pirsf\a38.gif --> pir.georgetown.edu /drive27/apache/www/pirwww/images/pirsf a38.gif
2005.06.08 14:57 B C:\2005\6_8_5\newpir\pirsf\a39.gif --> pir.georgetown.edu /drive27/apache/www/pirwww/images/pirsf a39.gif
2005.06.08 14:57 B C:\2005\6_8_5\newpir\pirsf\a4.gif --> pir.georgetown.edu /drive27/apache/www/pirwww/images/pirsf a4.gif
2005.06.08 14:57 B C:\2005\6_8_5\newpir\pirsf\a40.gif --> pir.georgetown.edu /drive27/apache/www/pirwww/images/pirsf a40.gif
2005.06.08 14:57 B C:\2005\6_8_5\newpir\pirsf\a41.gif --> pir.georgetown.edu /drive27/apache/www/pirwww/images/pirsf a41.gif
2005.06.08 14:57 B C:\2005\6_8_5\newpir\pirsf\a42.gif --> pir.georgetown.edu /drive27/apache/www/pirwww/images/pirsf a42.gif
2005.06.08 14:57 B C:\2005\6_8_5\newpir\pirsf\a43.gif --> pir.georgetown.edu /drive27/apache/www/pirwww/images/pirsf a43.gif
2005.06.08 14:57 B C:\2005\6_8_5\newpir\pirsf\a44.gif --> pir.georgetown.edu /drive27/apache/www/pirwww/images/pirsf a44.gif
2005.06.08 14:57 B C:\2005\6_8_5\newpir\pirsf\a45.gif --> pir.georgetown.edu /drive27/apache/www/pirwww/images/pirsf a45.gif
2005.06.08 14:57 B C:\2005\6_8_5\newpir\pirsf\a46.gif --> pir.georgetown.edu /drive27/apache/www/pirwww/images/pirsf a46.gif
2005.06.08 14:57 B C:\2005\6_8_5\newpir\pirsf\a47.gif --> pir.georgetown.edu /drive27/apache/www/pirwww/images/pirsf a47.gif
2005.06.08 14:57 B C:\2005\6_8_5\newpir\pirsf\a48.gif --> pir.georgetown.edu /drive27/apache/www/pirwww/images/pirsf a48.gif
2005.06.08 14:57 B C:\2005\6_8_5\newpir\pirsf\a49.gif --> pir.georgetown.edu /drive27/apache/www/pirwww/images/pirsf a49.gif
2005.06.08 14:57 B C:\2005\6_8_5\newpir\pirsf\a5.gif --> pir.georgetown.edu /drive27/apache/www/pirwww/images/pirsf a5.gif
2005.06.08 14:57 B C:\2005\6_8_5\newpir\pirsf\a50.gif --> pir.georgetown.edu /drive27/apache/www/pirwww/images/pirsf a50.gif
2005.06.08 14:57 B C:\2005\6_8_5\newpir\pirsf\a51.gif --> pir.georgetown.edu /drive27/apache/www/pirwww/images/pirsf a51.gif
2005.06.08 14:57 B C:\2005\6_8_5\newpir\pirsf\a52.gif --> pir.georgetown.edu /drive27/apache/www/pirwww/images/pirsf a52.gif
2005.06.08 14:57 B C:\2005\6_8_5\newpir\pirsf\a53.gif --> pir.georgetown.edu /drive27/apache/www/pirwww/images/pirsf a53.gif
2005.06.08 14:57 B C:\2005\6_8_5\newpir\pirsf\a54.gif --> pir.georgetown.edu /drive27/apache/www/pirwww/images/pirsf a54.gif
2005.06.08 14:57 B C:\2005\6_8_5\newpir\pirsf\a55.gif --> pir.georgetown.edu /drive27/apache/www/pirwww/images/pirsf a55.gif
2005.06.08 14:57 B C:\2005\6_8_5\newpir\pirsf\a56.gif --> pir.georgetown.edu /drive27/apache/www/pirwww/images/pirsf a56.gif
2005.06.08 14:57 B C:\2005\6_8_5\newpir\pirsf\a57.gif --> pir.georgetown.edu /drive27/apache/www/pirwww/images/pirsf a57.gif
2005.06.08 14:57 B C:\2005\6_8_5\newpir\pirsf\a58.gif --> pir.georgetown.edu /drive27/apache/www/pirwww/images/pirsf a58.gif
2005.06.08 14:57 B C:\2005\6_8_5\newpir\pirsf\a59.gif --> pir.georgetown.edu /drive27/apache/www/pirwww/images/pirsf a59.gif
2005.06.08 14:57 B C:\2005\6_8_5\newpir\pirsf\a6.gif --> pir.georgetown.edu /drive27/apache/www/pirwww/images/pirsf a6.gif
2005.06.08 14:57 B C:\2005\6_8_5\newpir\pirsf\a60.gif --> pir.georgetown.edu /drive27/apache/www/pirwww/images/pirsf a60.gif
2005.06.08 14:57 B C:\2005\6_8_5\newpir\pirsf\a7.gif --> pir.georgetown.edu /drive27/apache/www/pirwww/images/pirsf a7.gif
2005.06.08 14:57 B C:\2005\6_8_5\newpir\pirsf\a8.gif --> pir.georgetown.edu /drive27/apache/www/pirwww/images/pirsf a8.gif
2005.06.08 14:57 B C:\2005\6_8_5\newpir\pirsf\a9.gif --> pir.georgetown.edu /drive27/apache/www/pirwww/images/pirsf a9.gif
2005.06.08 14:57 B C:\2005\6_8_5\newpir\pirsf\a99999.gif --> pir.georgetown.edu /drive27/apache/www/pirwww/images/pirsf a99999.gif
2005.06.08 14:57 B C:\2005\6_8_5\newpir\pirsf\barsOrder.html --> pir.georgetown.edu /drive27/apache/www/pirwww/images/pirsf barsOrder.html
2005.06.08 14:57 B C:\2005\6_8_5\newpir\pirsf\bb.gif --> pir.georgetown.edu /drive27/apache/www/pirwww/images/pirsf bb.gif
2005.06.08 14:57 B C:\2005\6_8_5\newpir\pirsf\bb2.gif --> pir.georgetown.edu /drive27/apache/www/pirwww/images/pirsf bb2.gif
2005.06.08 14:57 B C:\2005\6_8_5\newpir\pirsf\bb3.gif --> pir.georgetown.edu /drive27/apache/www/pirwww/images/pirsf bb3.gif
2005.06.08 14:57 B C:\2005\6_8_5\newpir\pirsf\Canvas0.class --> pir.georgetown.edu /drive27/apache/www/pirwww/images/pirsf Canvas0.class
2005.06.08 14:57 B C:\2005\6_8_5\newpir\pirsf\Canvas1.class --> pir.georgetown.edu /drive27/apache/www/pirwww/images/pirsf Canvas1.class
2005.06.08 14:57 B C:\2005\6_8_5\newpir\pirsf\Canvas2.class --> pir.georgetown.edu /drive27/apache/www/pirwww/images/pirsf Canvas2.class
2005.06.08 14:57 B C:\2005\6_8_5\newpir\pirsf\Canvas3.class --> pir.georgetown.edu /drive27/apache/www/pirwww/images/pirsf Canvas3.class
2005.06.08 14:57 B C:\2005\6_8_5\newpir\pirsf\downArrow.gif --> pir.georgetown.edu /drive27/apache/www/pirwww/images/pirsf downArrow.gif
2005.06.08 14:57 B C:\2005\6_8_5\newpir\pirsf\fingerDown.gif --> pir.georgetown.edu /drive27/apache/www/pirwww/images/pirsf fingerDown.gif
2005.06.08 14:57 B C:\2005\6_8_5\newpir\pirsf\fingerUp.gif --> pir.georgetown.edu /drive27/apache/www/pirwww/images/pirsf fingerUp.gif
2005.06.08 14:57 B C:\2005\6_8_5\newpir\pirsf\leftArr.gif --> pir.georgetown.edu /drive27/apache/www/pirwww/images/pirsf leftArr.gif
2005.06.08 14:57 B C:\2005\6_8_5\newpir\pirsf\leftArrow.gif --> pir.georgetown.edu /drive27/apache/www/pirwww/images/pirsf leftArrow.gif
2005.06.08 14:57 B C:\2005\6_8_5\newpir\pirsf\magnify.gif --> pir.georgetown.edu /drive27/apache/www/pirwww/images/pirsf magnify.gif
2005.06.08 14:57 B C:\2005\6_8_5\newpir\pirsf\qMark.gif --> pir.georgetown.edu /drive27/apache/www/pirwww/images/pirsf qMark.gif
2005.06.08 14:57 B C:\2005\6_8_5\newpir\pirsf\refresh.gif --> pir.georgetown.edu /drive27/apache/www/pirwww/images/pirsf refresh.gif
2005.06.08 14:57 B C:\2005\6_8_5\newpir\pirsf\reload.gif --> pir.georgetown.edu /drive27/apache/www/pirwww/images/pirsf reload.gif
2005.06.08 14:57 B C:\2005\6_8_5\newpir\pirsf\rightArrow.gif --> pir.georgetown.edu /drive27/apache/www/pirwww/images/pirsf rightArrow.gif
2005.06.08 14:57 B C:\2005\6_8_5\newpir\pirsf\sfListPick.class --> pir.georgetown.edu /drive27/apache/www/pirwww/images/pirsf sfListPick.class
2005.06.08 14:57 B C:\2005\6_8_5\newpir\pirsf\sfListPick.class082602 --> pir.georgetown.edu /drive27/apache/www/pirwww/images/pirsf sfListPick.class082602
2005.06.08 14:57 B C:\2005\6_8_5\newpir\pirsf\sfListPick.java --> pir.georgetown.edu /drive27/apache/www/pirwww/images/pirsf sfListPick.java
2005.06.08 14:57 B C:\2005\6_8_5\newpir\pirsf\showMe.gif --> pir.georgetown.edu /drive27/apache/www/pirwww/images/pirsf showMe.gif
2005.06.08 14:57 B C:\2005\6_8_5\newpir\pirsf\trans.gif --> pir.georgetown.edu /drive27/apache/www/pirwww/images/pirsf trans.gif
2005.06.08 14:57 B C:\2005\6_8_5\newpir\pirsf\ttt.gif --> pir.georgetown.edu /drive27/apache/www/pirwww/images/pirsf ttt.gif
2005.06.08 14:57 B C:\2005\6_8_5\newpir\pirsf\untitled.gif --> pir.georgetown.edu /drive27/apache/www/pirwww/images/pirsf untitled.gif
2005.06.08 14:57 B C:\2005\6_8_5\newpir\pirsf\upArrow.gif --> pir.georgetown.edu /drive27/apache/www/pirwww/images/pirsf upArrow.gif
2005.11.17 17:22 B C:\2005\pir2\pirwww\images\pirsf\WS_FTP.LOG <-- www /drive27/apache/www/pirwww/images/pirsf WS_FTP.LOG
2005.11.17 17:22 B C:\2005\pir2\pirwww\images\pirsf\zoomin.gif <-- www /drive27/apache/www/pirwww/images/pirsf zoomin.gif
2005.11.17 17:22 B C:\2005\pir2\pirwww\images\pirsf\zoomout.gif <-- www /drive27/apache/www/pirwww/images/pirsf zoomout.gif
2005.11.21 16:13 B C:\2005\pir2\pirwww_t\images\pirsf\a1.gif --> pir2.georgetown.edu /www/WWW/html/pirwww/images/pirsf a1.gif
2005.11.21 16:13 B C:\2005\pir2\pirwww_t\images\pirsf\a10.gif --> pir2.georgetown.edu /www/WWW/html/pirwww/images/pirsf a10.gif
2005.11.21 16:13 B C:\2005\pir2\pirwww_t\images\pirsf\a11.gif --> pir2.georgetown.edu /www/WWW/html/pirwww/images/pirsf a11.gif
2005.11.21 16:13 B C:\2005\pir2\pirwww_t\images\pirsf\a12.gif --> pir2.georgetown.edu /www/WWW/html/pirwww/images/pirsf a12.gif
2005.11.21 16:13 B C:\2005\pir2\pirwww_t\images\pirsf\a13.gif --> pir2.georgetown.edu /www/WWW/html/pirwww/images/pirsf a13.gif
2005.11.21 16:13 B C:\2005\pir2\pirwww_t\images\pirsf\a14.gif --> pir2.georgetown.edu /www/WWW/html/pirwww/images/pirsf a14.gif
2005.11.21 16:13 B C:\2005\pir2\pirwww_t\images\pirsf\a15.gif --> pir2.georgetown.edu /www/WWW/html/pirwww/images/pirsf a15.gif
2005.11.21 16:13 B C:\2005\pir2\pirwww_t\images\pirsf\a16.gif --> pir2.georgetown.edu /www/WWW/html/pirwww/images/pirsf a16.gif
2005.11.21 16:13 B C:\2005\pir2\pirwww_t\images\pirsf\a17.gif --> pir2.georgetown.edu /www/WWW/html/pirwww/images/pirsf a17.gif
2005.11.21 16:13 B C:\2005\pir2\pirwww_t\images\pirsf\a18.gif --> pir2.georgetown.edu /www/WWW/html/pirwww/images/pirsf a18.gif
2005.11.21 16:13 B C:\2005\pir2\pirwww_t\images\pirsf\a19.gif --> pir2.georgetown.edu /www/WWW/html/pirwww/images/pirsf a19.gif
2005.11.21 16:13 B C:\2005\pir2\pirwww_t\images\pirsf\a2.gif --> pir2.georgetown.edu /www/WWW/html/pirwww/images/pirsf a2.gif
2005.11.21 16:13 B C:\2005\pir2\pirwww_t\images\pirsf\a20.gif --> pir2.georgetown.edu /www/WWW/html/pirwww/images/pirsf a20.gif
2005.11.21 16:13 B C:\2005\pir2\pirwww_t\images\pirsf\a21.gif --> pir2.georgetown.edu /www/WWW/html/pirwww/images/pirsf a21.gif
2005.11.21 16:13 B C:\2005\pir2\pirwww_t\images\pirsf\a22.gif --> pir2.georgetown.edu /www/WWW/html/pirwww/images/pirsf a22.gif
2005.11.21 16:13 B C:\2005\pir2\pirwww_t\images\pirsf\a2222.gif --> pir2.georgetown.edu /www/WWW/html/pirwww/images/pirsf a2222.gif
2005.11.21 16:13 B C:\2005\pir2\pirwww_t\images\pirsf\a23.gif --> pir2.georgetown.edu /www/WWW/html/pirwww/images/pirsf a23.gif
2005.11.21 16:13 B C:\2005\pir2\pirwww_t\images\pirsf\a24.gif --> pir2.georgetown.edu /www/WWW/html/pirwww/images/pirsf a24.gif
2005.11.21 16:13 B C:\2005\pir2\pirwww_t\images\pirsf\a25.gif --> pir2.georgetown.edu /www/WWW/html/pirwww/images/pirsf a25.gif
2005.11.21 16:13 B C:\2005\pir2\pirwww_t\images\pirsf\a26.gif --> pir2.georgetown.edu /www/WWW/html/pirwww/images/pirsf a26.gif
2005.11.21 16:13 B C:\2005\pir2\pirwww_t\images\pirsf\a27.gif --> pir2.georgetown.edu /www/WWW/html/pirwww/images/pirsf a27.gif
2005.11.21 16:13 B C:\2005\pir2\pirwww_t\images\pirsf\a28.gif --> pir2.georgetown.edu /www/WWW/html/pirwww/images/pirsf a28.gif
2005.11.21 16:13 B C:\2005\pir2\pirwww_t\images\pirsf\a29.gif --> pir2.georgetown.edu /www/WWW/html/pirwww/images/pirsf a29.gif
2005.11.21 16:13 B C:\2005\pir2\pirwww_t\images\pirsf\a3.gif --> pir2.georgetown.edu /www/WWW/html/pirwww/images/pirsf a3.gif
2005.11.21 16:13 B C:\2005\pir2\pirwww_t\images\pirsf\a30.gif --> pir2.georgetown.edu /www/WWW/html/pirwww/images/pirsf a30.gif
2005.11.21 16:13 B C:\2005\pir2\pirwww_t\images\pirsf\a31.gif --> pir2.georgetown.edu /www/WWW/html/pirwww/images/pirsf a31.gif
2005.11.21 16:13 B C:\2005\pir2\pirwww_t\images\pirsf\a32.gif --> pir2.georgetown.edu /www/WWW/html/pirwww/images/pirsf a32.gif
2005.11.21 16:13 B C:\2005\pir2\pirwww_t\images\pirsf\a33.gif --> pir2.georgetown.edu /www/WWW/html/pirwww/images/pirsf a33.gif
2005.11.21 16:13 B C:\2005\pir2\pirwww_t\images\pirsf\a34.gif --> pir2.georgetown.edu /www/WWW/html/pirwww/images/pirsf a34.gif
2005.11.21 16:13 B C:\2005\pir2\pirwww_t\images\pirsf\a35.gif --> pir2.georgetown.edu /www/WWW/html/pirwww/images/pirsf a35.gif
2005.11.21 16:13 B C:\2005\pir2\pirwww_t\images\pirsf\a36.gif --> pir2.georgetown.edu /www/WWW/html/pirwww/images/pirsf a36.gif
2005.11.21 16:13 B C:\2005\pir2\pirwww_t\images\pirsf\a37.gif --> pir2.georgetown.edu /www/WWW/html/pirwww/images/pirsf a37.gif
2005.11.21 16:13 B C:\2005\pir2\pirwww_t\images\pirsf\a38.gif --> pir2.georgetown.edu /www/WWW/html/pirwww/images/pirsf a38.gif
2005.11.21 16:13 B C:\2005\pir2\pirwww_t\images\pirsf\a39.gif --> pir2.georgetown.edu /www/WWW/html/pirwww/images/pirsf a39.gif
2005.11.21 16:13 B C:\2005\pir2\pirwww_t\images\pirsf\a4.gif --> pir2.georgetown.edu /www/WWW/html/pirwww/images/pirsf a4.gif
2005.11.21 16:13 B C:\2005\pir2\pirwww_t\images\pirsf\a40.gif --> pir2.georgetown.edu /www/WWW/html/pirwww/images/pirsf a40.gif
2005.11.21 16:13 B C:\2005\pir2\pirwww_t\images\pirsf\a41.gif --> pir2.georgetown.edu /www/WWW/html/pirwww/images/pirsf a41.gif
2005.11.21 16:13 B C:\2005\pir2\pirwww_t\images\pirsf\a42.gif --> pir2.georgetown.edu /www/WWW/html/pirwww/images/pirsf a42.gif
2005.11.21 16:13 B C:\2005\pir2\pirwww_t\images\pirsf\a43.gif --> pir2.georgetown.edu /www/WWW/html/pirwww/images/pirsf a43.gif
2005.11.21 16:13 B C:\2005\pir2\pirwww_t\images\pirsf\a44.gif --> pir2.georgetown.edu /www/WWW/html/pirwww/images/pirsf a44.gif
2005.11.21 16:13 B C:\2005\pir2\pirwww_t\images\pirsf\a45.gif --> pir2.georgetown.edu /www/WWW/html/pirwww/images/pirsf a45.gif
2005.11.21 16:13 B C:\2005\pir2\pirwww_t\images\pirsf\a46.gif --> pir2.georgetown.edu /www/WWW/html/pirwww/images/pirsf a46.gif
2005.11.21 16:13 B C:\2005\pir2\pirwww_t\images\pirsf\a47.gif --> pir2.georgetown.edu /www/WWW/html/pirwww/images/pirsf a47.gif
2005.11.21 16:13 B C:\2005\pir2\pirwww_t\images\pirsf\a48.gif --> pir2.georgetown.edu /www/WWW/html/pirwww/images/pirsf a48.gif
2005.11.21 16:13 B C:\2005\pir2\pirwww_t\images\pirsf\a49.gif --> pir2.georgetown.edu /www/WWW/html/pirwww/images/pirsf a49.gif
2005.11.21 16:13 B C:\2005\pir2\pirwww_t\images\pirsf\a5.gif --> pir2.georgetown.edu /www/WWW/html/pirwww/images/pirsf a5.gif
2005.11.21 16:13 B C:\2005\pir2\pirwww_t\images\pirsf\a50.gif --> pir2.georgetown.edu /www/WWW/html/pirwww/images/pirsf a50.gif
2005.11.21 16:13 B C:\2005\pir2\pirwww_t\images\pirsf\a51.gif --> pir2.georgetown.edu /www/WWW/html/pirwww/images/pirsf a51.gif
2005.11.21 16:13 B C:\2005\pir2\pirwww_t\images\pirsf\a52.gif --> pir2.georgetown.edu /www/WWW/html/pirwww/images/pirsf a52.gif
2005.11.21 16:13 B C:\2005\pir2\pirwww_t\images\pirsf\a53.gif --> pir2.georgetown.edu /www/WWW/html/pirwww/images/pirsf a53.gif
2005.11.21 16:13 B C:\2005\pir2\pirwww_t\images\pirsf\a54.gif --> pir2.georgetown.edu /www/WWW/html/pirwww/images/pirsf a54.gif
2005.11.21 16:13 B C:\2005\pir2\pirwww_t\images\pirsf\a55.gif --> pir2.georgetown.edu /www/WWW/html/pirwww/images/pirsf a55.gif
2005.11.21 16:13 B C:\2005\pir2\pirwww_t\images\pirsf\a56.gif --> pir2.georgetown.edu /www/WWW/html/pirwww/images/pirsf a56.gif
2005.11.21 16:13 B C:\2005\pir2\pirwww_t\images\pirsf\a57.gif --> pir2.georgetown.edu /www/WWW/html/pirwww/images/pirsf a57.gif
2005.11.21 16:13 B C:\2005\pir2\pirwww_t\images\pirsf\a58.gif --> pir2.georgetown.edu /www/WWW/html/pirwww/images/pirsf a58.gif
2005.11.21 16:13 B C:\2005\pir2\pirwww_t\images\pirsf\a59.gif --> pir2.georgetown.edu /www/WWW/html/pirwww/images/pirsf a59.gif
2005.11.21 16:13 B C:\2005\pir2\pirwww_t\images\pirsf\a6.gif --> pir2.georgetown.edu /www/WWW/html/pirwww/images/pirsf a6.gif
2005.11.21 16:13 B C:\2005\pir2\pirwww_t\images\pirsf\a60.gif --> pir2.georgetown.edu /www/WWW/html/pirwww/images/pirsf a60.gif
2005.11.21 16:13 B C:\2005\pir2\pirwww_t\images\pirsf\a7.gif --> pir2.georgetown.edu /www/WWW/html/pirwww/images/pirsf a7.gif
2005.11.21 16:13 B C:\2005\pir2\pirwww_t\images\pirsf\a8.gif --> pir2.georgetown.edu /www/WWW/html/pirwww/images/pirsf a8.gif
2005.11.21 16:13 B C:\2005\pir2\pirwww_t\images\pirsf\a9.gif --> pir2.georgetown.edu /www/WWW/html/pirwww/images/pirsf a9.gif
2005.11.21 16:13 B C:\2005\pir2\pirwww_t\images\pirsf\a99999.gif --> pir2.georgetown.edu /www/WWW/html/pirwww/images/pirsf a99999.gif
2005.11.21 16:13 B C:\2005\pir2\pirwww_t\images\pirsf\barsOrder.html --> pir2.georgetown.edu /www/WWW/html/pirwww/images/pirsf barsOrder.html
2005.11.21 16:13 B C:\2005\pir2\pirwww_t\images\pirsf\bb.gif --> pir2.georgetown.edu /www/WWW/html/pirwww/images/pirsf bb.gif
2005.11.21 16:13 B C:\2005\pir2\pirwww_t\images\pirsf\bb2.gif --> pir2.georgetown.edu /www/WWW/html/pirwww/images/pirsf bb2.gif
2005.11.21 16:13 B C:\2005\pir2\pirwww_t\images\pirsf\bb3.gif --> pir2.georgetown.edu /www/WWW/html/pirwww/images/pirsf bb3.gif
2005.11.21 16:13 B C:\2005\pir2\pirwww_t\images\pirsf\Canvas0.class --> pir2.georgetown.edu /www/WWW/html/pirwww/images/pirsf Canvas0.class
2005.11.21 16:13 B C:\2005\pir2\pirwww_t\images\pirsf\Canvas1.class --> pir2.georgetown.edu /www/WWW/html/pirwww/images/pirsf Canvas1.class
2005.11.21 16:13 B C:\2005\pir2\pirwww_t\images\pirsf\Canvas2.class --> pir2.georgetown.edu /www/WWW/html/pirwww/images/pirsf Canvas2.class
2005.11.21 16:13 B C:\2005\pir2\pirwww_t\images\pirsf\Canvas3.class --> pir2.georgetown.edu /www/WWW/html/pirwww/images/pirsf Canvas3.class
2005.11.21 16:13 B C:\2005\pir2\pirwww_t\images\pirsf\downArrow.gif --> pir2.georgetown.edu /www/WWW/html/pirwww/images/pirsf downArrow.gif
2005.11.21 16:13 B C:\2005\pir2\pirwww_t\images\pirsf\fingerDown.gif --> pir2.georgetown.edu /www/WWW/html/pirwww/images/pirsf fingerDown.gif
2005.11.21 16:13 B C:\2005\pir2\pirwww_t\images\pirsf\fingerUp.gif --> pir2.georgetown.edu /www/WWW/html/pirwww/images/pirsf fingerUp.gif
2005.11.21 16:13 B C:\2005\pir2\pirwww_t\images\pirsf\leftArr.gif --> pir2.georgetown.edu /www/WWW/html/pirwww/images/pirsf leftArr.gif
2005.11.21 16:13 B C:\2005\pir2\pirwww_t\images\pirsf\leftArrow.gif --> pir2.georgetown.edu /www/WWW/html/pirwww/images/pirsf leftArrow.gif
2005.11.21 16:13 B C:\2005\pir2\pirwww_t\images\pirsf\magnify.gif --> pir2.georgetown.edu /www/WWW/html/pirwww/images/pirsf magnify.gif
2005.11.21 16:13 B C:\2005\pir2\pirwww_t\images\pirsf\qMark.gif --> pir2.georgetown.edu /www/WWW/html/pirwww/images/pirsf qMark.gif
2005.11.21 16:13 B C:\2005\pir2\pirwww_t\images\pirsf\refresh.gif --> pir2.georgetown.edu /www/WWW/html/pirwww/images/pirsf refresh.gif
2005.11.21 16:13 B C:\2005\pir2\pirwww_t\images\pirsf\reload.gif --> pir2.georgetown.edu /www/WWW/html/pirwww/images/pirsf reload.gif
2005.11.21 16:13 B C:\2005\pir2\pirwww_t\images\pirsf\rightArrow.gif --> pir2.georgetown.edu /www/WWW/html/pirwww/images/pirsf rightArrow.gif
2005.11.21 16:13 B C:\2005\pir2\pirwww_t\images\pirsf\sfListPick.class --> pir2.georgetown.edu /www/WWW/html/pirwww/images/pirsf sfListPick.class
2005.11.21 16:13 B C:\2005\pir2\pirwww_t\images\pirsf\sfListPick.class082602 --> pir2.georgetown.edu /www/WWW/html/pirwww/images/pirsf sfListPick.class082602
2005.11.21 16:13 B C:\2005\pir2\pirwww_t\images\pirsf\sfListPick.java --> pir2.georgetown.edu /www/WWW/html/pirwww/images/pirsf sfListPick.java
2005.11.21 16:13 B C:\2005\pir2\pirwww_t\images\pirsf\showMe.gif --> pir2.georgetown.edu /www/WWW/html/pirwww/images/pirsf showMe.gif
2005.11.21 16:13 B C:\2005\pir2\pirwww_t\images\pirsf\trans.gif --> pir2.georgetown.edu /www/WWW/html/pirwww/images/pirsf trans.gif
2005.11.21 16:13 B C:\2005\pir2\pirwww_t\images\pirsf\ttt.gif --> pir2.georgetown.edu /www/WWW/html/pirwww/images/pirsf ttt.gif
2005.11.21 16:13 B C:\2005\pir2\pirwww_t\images\pirsf\untitled.gif --> pir2.georgetown.edu /www/WWW/html/pirwww/images/pirsf untitled.gif
2005.11.21 16:13 B C:\2005\pir2\pirwww_t\images\pirsf\upArrow.gif --> pir2.georgetown.edu /www/WWW/html/pirwww/images/pirsf upArrow.gif
